This file contains any messages produced by compilers while
running configure, to aid debugging if configure makes a mistake.

It was created by Protocol Buffers configure 3.0.0-beta-2, which was
generated by GNU Autoconf 2.69.  Invocation command line was

  $ ./configure 

## --------- ##
## Platform. ##
## --------- ##

hostname = Michaels-MacBook-Pro-8.local
uname -m = x86_64
uname -r = 15.4.0
uname -s = Darwin
uname -v = Darwin Kernel Version 15.4.0: Fri Feb 26 22:08:05 PST 2016; root:xnu-3248.40.184~3/RELEASE_X86_64

/usr/bin/uname -p = i386
/bin/uname -X     = unknown

/bin/arch              = unknown
/usr/bin/arch -k       = unknown
/usr/convex/getsysinfo = unknown
/usr/bin/hostinfo      = Mach kernel version:
	 Darwin Kernel Version 15.4.0: Fri Feb 26 22:08:05 PST 2016; root:xnu-3248.40.184~3/RELEASE_X86_64
Kernel configured for up to 8 processors.
4 processors are physically available.
8 processors are logically available.
Processor type: x86_64h (Intel x86-64h Haswell)
Processors active: 0 1 2 3 4 5 6 7
Primary memory available: 16.00 gigabytes
Default processor set: 374 tasks, 2226 threads, 8 processors
Load average: 1.52, Mach factor: 6.47
/bin/machine           = unknown
/usr/bin/oslevel       = unknown
/bin/universe          = unknown

PATH: /Users/michaelfarrell/anaconda/bin
PATH: /Library/Frameworks/Python.framework/Versions/3.4/bin
PATH: /Library/Frameworks/Python.framework/Versions/3.4/bin
PATH: /Users/michaelfarrell/anaconda/bin
PATH: /Library/Frameworks/Python.framework/Versions/3.4/bin
PATH: /Library/Frameworks/Python.framework/Versions/3.4/bin
PATH: /Users/michaelfarrell/anaconda/bin
PATH: /Library/Frameworks/Python.framework/Versions/2.7/bin
PATH: /usr/local/bin
PATH: /usr/bin
PATH: /bin
PATH: /usr/sbin
PATH: /sbin
PATH: /usr/texbin
PATH: /usr/local/sbin
PATH: /usr/local/sbin


## ----------- ##
## Core tests. ##
## ----------- ##

configure:2547: checking whether to enable maintainer-specific portions of Makefiles
configure:2556: result: yes
configure:2631: checking build system type
configure:2645: result: x86_64-apple-darwin15.4.0
configure:2665: checking host system type
configure:2678: result: x86_64-apple-darwin15.4.0
configure:2698: checking target system type
configure:2711: result: x86_64-apple-darwin15.4.0
configure:2754: checking for a BSD-compatible install
configure:2822: result: /usr/bin/install -c
configure:2833: checking whether build environment is sane
configure:2888: result: yes
configure:3039: checking for a thread-safe mkdir -p
configure:3078: result: ./install-sh -c -d
configure:3085: checking for gawk
configure:3115: result: no
configure:3085: checking for mawk
configure:3115: result: no
configure:3085: checking for nawk
configure:3115: result: no
configure:3085: checking for awk
configure:3101: found /usr/bin/awk
configure:3112: result: awk
configure:3123: checking whether make sets $(MAKE)
configure:3145: result: yes
configure:3174: checking whether make supports nested variables
configure:3191: result: yes
configure:3280: checking whether UID '501' is supported by ustar format
configure:3283: result: yes
configure:3290: checking whether GID '20' is supported by ustar format
configure:3293: result: yes
configure:3301: checking how to create a ustar tar archive
configure:3312: tar --version
bsdtar 2.8.3 - libarchive 2.8.3
configure:3315: $? = 0
configure:3355: tardir=conftest.dir && eval tar --format=ustar -chf - "$tardir" >conftest.tar
configure:3358: $? = 0
configure:3362: tar -xf - <conftest.tar
configure:3365: $? = 0
configure:3367: cat conftest.dir/file
GrepMe
configure:3370: $? = 0
configure:3383: result: gnutar
configure:3501: checking for gcc
configure:3517: found /usr/local/bin/gcc
configure:3528: result: gcc
configure:3757: checking for C compiler version
configure:3766: gcc --version >&5
gcc (Homebrew gcc 5.3.0) 5.3.0
Copyright (C) 2015 Free Software Foundation, Inc.
This is free software; see the source for copying conditions.  There is NO
warranty; not even for MERCHANTABILITY or FITNESS FOR A PARTICULAR PURPOSE.

configure:3777: $? = 0
configure:3766: gcc -v >&5
Using built-in specs.
COLLECT_GCC=gcc
COLLECT_LTO_WRAPPER=/usr/local/Cellar/gcc/5.3.0/libexec/gcc/x86_64-apple-darwin15.0.0/5.3.0/lto-wrapper
Target: x86_64-apple-darwin15.0.0
Configured with: ../configure --build=x86_64-apple-darwin15.0.0 --prefix=/usr/local/Cellar/gcc/5.3.0 --libdir=/usr/local/Cellar/gcc/5.3.0/lib/gcc/5 --enable-languages=c,c++,objc,obj-c++,fortran --program-suffix=-5 --with-gmp=/usr/local/opt/gmp --with-mpfr=/usr/local/opt/mpfr --with-mpc=/usr/local/opt/libmpc --with-isl=/usr/local/opt/isl --with-system-zlib --enable-libstdcxx-time=yes --enable-stage1-checking --enable-checking=release --enable-lto --with-build-config=bootstrap-debug --disable-werror --with-pkgversion='Homebrew gcc 5.3.0' --with-bugurl=https://github.com/Homebrew/homebrew/issues --enable-plugin --disable-nls --enable-multilib
Thread model: posix
gcc version 5.3.0 (Homebrew gcc 5.3.0) 
configure:3777: $? = 0
configure:3766: gcc -V >&5
gcc: error: unrecognized command line option '-V'
gcc: fatal error: no input files
compilation terminated.
configure:3777: $? = 1
configure:3766: gcc -qversion >&5
gcc: error: unrecognized command line option '-qversion'
gcc: fatal error: no input files
compilation terminated.
configure:3777: $? = 1
configure:3797: checking whether the C compiler works
configure:3819: gcc    conftest.c  >&5
configure:3823: $? = 0
configure:3871: result: yes
configure:3874: checking for C compiler default output file name
configure:3876: result: a.out
configure:3882: checking for suffix of executables
configure:3889: gcc -o conftest    conftest.c  >&5
configure:3893: $? = 0
configure:3915: result: 
configure:3937: checking whether we are cross compiling
configure:3945: gcc -o conftest    conftest.c  >&5
configure:3949: $? = 0
configure:3956: ./conftest
configure:3960: $? = 0
configure:3975: result: no
configure:3980: checking for suffix of object files
configure:4002: gcc -c   conftest.c >&5
configure:4006: $? = 0
configure:4027: result: o
configure:4031: checking whether we are using the GNU C compiler
configure:4050: gcc -c   conftest.c >&5
configure:4050: $? = 0
configure:4059: result: yes
configure:4068: checking whether gcc accepts -g
configure:4088: gcc -c -g  conftest.c >&5
configure:4088: $? = 0
configure:4129: result: yes
configure:4146: checking for gcc option to accept ISO C89
configure:4209: gcc  -c   conftest.c >&5
configure:4209: $? = 0
configure:4222: result: none needed
configure:4247: checking whether gcc understands -c and -o together
configure:4269: gcc -c conftest.c -o conftest2.o
configure:4272: $? = 0
configure:4269: gcc -c conftest.c -o conftest2.o
configure:4272: $? = 0
configure:4284: result: yes
configure:4312: checking for style of include used by make
configure:4340: result: GNU
configure:4366: checking dependency style of gcc
configure:4477: result: gcc3
configure:4550: checking for g++
configure:4566: found /usr/local/bin/g++
configure:4577: result: g++
configure:4604: checking for C++ compiler version
configure:4613: g++ --version >&5
g++ (Homebrew gcc 5.3.0) 5.3.0
Copyright (C) 2015 Free Software Foundation, Inc.
This is free software; see the source for copying conditions.  There is NO
warranty; not even for MERCHANTABILITY or FITNESS FOR A PARTICULAR PURPOSE.

configure:4624: $? = 0
configure:4613: g++ -v >&5
Using built-in specs.
COLLECT_GCC=g++
COLLECT_LTO_WRAPPER=/usr/local/Cellar/gcc/5.3.0/libexec/gcc/x86_64-apple-darwin15.0.0/5.3.0/lto-wrapper
Target: x86_64-apple-darwin15.0.0
Configured with: ../configure --build=x86_64-apple-darwin15.0.0 --prefix=/usr/local/Cellar/gcc/5.3.0 --libdir=/usr/local/Cellar/gcc/5.3.0/lib/gcc/5 --enable-languages=c,c++,objc,obj-c++,fortran --program-suffix=-5 --with-gmp=/usr/local/opt/gmp --with-mpfr=/usr/local/opt/mpfr --with-mpc=/usr/local/opt/libmpc --with-isl=/usr/local/opt/isl --with-system-zlib --enable-libstdcxx-time=yes --enable-stage1-checking --enable-checking=release --enable-lto --with-build-config=bootstrap-debug --disable-werror --with-pkgversion='Homebrew gcc 5.3.0' --with-bugurl=https://github.com/Homebrew/homebrew/issues --enable-plugin --disable-nls --enable-multilib
Thread model: posix
gcc version 5.3.0 (Homebrew gcc 5.3.0) 
configure:4624: $? = 0
configure:4613: g++ -V >&5
g++: error: unrecognized command line option '-V'
g++: fatal error: no input files
compilation terminated.
configure:4624: $? = 1
configure:4613: g++ -qversion >&5
g++: error: unrecognized command line option '-qversion'
g++: fatal error: no input files
compilation terminated.
configure:4624: $? = 1
configure:4628: checking whether we are using the GNU C++ compiler
configure:4647: g++ -c   conftest.cpp >&5
configure:4647: $? = 0
configure:4656: result: yes
configure:4665: checking whether g++ accepts -g
configure:4685: g++ -c -g  conftest.cpp >&5
configure:4685: $? = 0
configure:4726: result: yes
configure:4751: checking dependency style of g++
configure:4862: result: gcc3
configure:4889: checking how to run the C++ preprocessor
configure:4916: g++ -E  conftest.cpp
configure:4916: $? = 0
configure:4930: g++ -E  conftest.cpp
conftest.cpp:11:28: fatal error: ac_nonexistent.h: No such file or directory
compilation terminated.
configure:4930: $? = 1
configure: failed program was:
| /* confdefs.h */
| #define PACKAGE_NAME "Protocol Buffers"
| #define PACKAGE_TARNAME "protobuf"
| #define PACKAGE_VERSION "3.0.0-beta-2"
| #define PACKAGE_STRING "Protocol Buffers 3.0.0-beta-2"
| #define PACKAGE_BUGREPORT "protobuf@googlegroups.com"
| #define PACKAGE_URL ""
| #define PACKAGE "protobuf"
| #define VERSION "3.0.0-beta-2"
| /* end confdefs.h.  */
| #include <ac_nonexistent.h>
configure:4955: result: g++ -E
configure:4975: g++ -E  conftest.cpp
configure:4975: $? = 0
configure:4989: g++ -E  conftest.cpp
conftest.cpp:11:28: fatal error: ac_nonexistent.h: No such file or directory
compilation terminated.
configure:4989: $? = 1
configure: failed program was:
| /* confdefs.h */
| #define PACKAGE_NAME "Protocol Buffers"
| #define PACKAGE_TARNAME "protobuf"
| #define PACKAGE_VERSION "3.0.0-beta-2"
| #define PACKAGE_STRING "Protocol Buffers 3.0.0-beta-2"
| #define PACKAGE_BUGREPORT "protobuf@googlegroups.com"
| #define PACKAGE_URL ""
| #define PACKAGE "protobuf"
| #define VERSION "3.0.0-beta-2"
| /* end confdefs.h.  */
| #include <ac_nonexistent.h>
configure:5018: checking for grep that handles long lines and -e
configure:5076: result: /usr/bin/grep
configure:5081: checking for egrep
configure:5143: result: /usr/bin/grep -E
configure:5148: checking for ANSI C header files
configure:5168: g++ -c   conftest.cpp >&5
configure:5168: $? = 0
configure:5241: g++ -o conftest    conftest.cpp  >&5
configure:5241: $? = 0
configure:5241: ./conftest
configure:5241: $? = 0
configure:5252: result: yes
configure:5265: checking for sys/types.h
configure:5265: g++ -c   conftest.cpp >&5
configure:5265: $? = 0
configure:5265: result: yes
configure:5265: checking for sys/stat.h
configure:5265: g++ -c   conftest.cpp >&5
configure:5265: $? = 0
configure:5265: result: yes
configure:5265: checking for stdlib.h
configure:5265: g++ -c   conftest.cpp >&5
configure:5265: $? = 0
configure:5265: result: yes
configure:5265: checking for string.h
configure:5265: g++ -c   conftest.cpp >&5
configure:5265: $? = 0
configure:5265: result: yes
configure:5265: checking for memory.h
configure:5265: g++ -c   conftest.cpp >&5
configure:5265: $? = 0
configure:5265: result: yes
configure:5265: checking for strings.h
configure:5265: g++ -c   conftest.cpp >&5
configure:5265: $? = 0
configure:5265: result: yes
configure:5265: checking for inttypes.h
configure:5265: g++ -c   conftest.cpp >&5
configure:5265: $? = 0
configure:5265: result: yes
configure:5265: checking for stdint.h
configure:5265: g++ -c   conftest.cpp >&5
configure:5265: $? = 0
configure:5265: result: yes
configure:5265: checking for unistd.h
configure:5265: g++ -c   conftest.cpp >&5
configure:5265: $? = 0
configure:5265: result: yes
configure:5278: checking minix/config.h usability
configure:5278: g++ -c   conftest.cpp >&5
conftest.cpp:54:26: fatal error: minix/config.h: No such file or directory
compilation terminated.
configure:5278: $? = 1
configure: failed program was:
| /* confdefs.h */
| #define PACKAGE_NAME "Protocol Buffers"
| #define PACKAGE_TARNAME "protobuf"
| #define PACKAGE_VERSION "3.0.0-beta-2"
| #define PACKAGE_STRING "Protocol Buffers 3.0.0-beta-2"
| #define PACKAGE_BUGREPORT "protobuf@googlegroups.com"
| #define PACKAGE_URL ""
| #define PACKAGE "protobuf"
| #define VERSION "3.0.0-beta-2"
| #define STDC_HEADERS 1
| #define HAVE_SYS_TYPES_H 1
| #define HAVE_SYS_STAT_H 1
| #define HAVE_STDLIB_H 1
| #define HAVE_STRING_H 1
| #define HAVE_MEMORY_H 1
| #define HAVE_STRINGS_H 1
| #define HAVE_INTTYPES_H 1
| #define HAVE_STDINT_H 1
| #define HAVE_UNISTD_H 1
| /* end confdefs.h.  */
| #include <stdio.h>
| #ifdef HAVE_SYS_TYPES_H
| # include <sys/types.h>
| #endif
| #ifdef HAVE_SYS_STAT_H
| # include <sys/stat.h>
| #endif
| #ifdef STDC_HEADERS
| # include <stdlib.h>
| # include <stddef.h>
| #else
| # ifdef HAVE_STDLIB_H
| #  include <stdlib.h>
| # endif
| #endif
| #ifdef HAVE_STRING_H
| # if !defined STDC_HEADERS && defined HAVE_MEMORY_H
| #  include <memory.h>
| # endif
| # include <string.h>
| #endif
| #ifdef HAVE_STRINGS_H
| # include <strings.h>
| #endif
| #ifdef HAVE_INTTYPES_H
| # include <inttypes.h>
| #endif
| #ifdef HAVE_STDINT_H
| # include <stdint.h>
| #endif
| #ifdef HAVE_UNISTD_H
| # include <unistd.h>
| #endif
| #include <minix/config.h>
configure:5278: result: no
configure:5278: checking minix/config.h presence
configure:5278: g++ -E  conftest.cpp
conftest.cpp:21:26: fatal error: minix/config.h: No such file or directory
compilation terminated.
configure:5278: $? = 1
configure: failed program was:
| /* confdefs.h */
| #define PACKAGE_NAME "Protocol Buffers"
| #define PACKAGE_TARNAME "protobuf"
| #define PACKAGE_VERSION "3.0.0-beta-2"
| #define PACKAGE_STRING "Protocol Buffers 3.0.0-beta-2"
| #define PACKAGE_BUGREPORT "protobuf@googlegroups.com"
| #define PACKAGE_URL ""
| #define PACKAGE "protobuf"
| #define VERSION "3.0.0-beta-2"
| #define STDC_HEADERS 1
| #define HAVE_SYS_TYPES_H 1
| #define HAVE_SYS_STAT_H 1
| #define HAVE_STDLIB_H 1
| #define HAVE_STRING_H 1
| #define HAVE_MEMORY_H 1
| #define HAVE_STRINGS_H 1
| #define HAVE_INTTYPES_H 1
| #define HAVE_STDINT_H 1
| #define HAVE_UNISTD_H 1
| /* end confdefs.h.  */
| #include <minix/config.h>
configure:5278: result: no
configure:5278: checking for minix/config.h
configure:5278: result: no
configure:5299: checking whether it is safe to define __EXTENSIONS__
configure:5317: g++ -c   conftest.cpp >&5
configure:5317: $? = 0
configure:5324: result: yes
configure:5393: checking for ar
configure:5409: found /usr/bin/ar
configure:5420: result: ar
configure:5446: checking the archiver (ar) interface
configure:5462: gcc -c   conftest.c >&5
configure:5462: $? = 0
configure:5464: ar cru libconftest.a conftest.o >&5
configure:5467: $? = 0
configure:5495: result: ar
configure:5577: checking for gcc
configure:5593: found /usr/local/bin/gcc
configure:5604: result: gcc
configure:5629: checking for Objective C compiler version
configure:5638: gcc --version >&5
gcc (Homebrew gcc 5.3.0) 5.3.0
Copyright (C) 2015 Free Software Foundation, Inc.
This is free software; see the source for copying conditions.  There is NO
warranty; not even for MERCHANTABILITY or FITNESS FOR A PARTICULAR PURPOSE.

configure:5649: $? = 0
configure:5638: gcc -v >&5
Using built-in specs.
COLLECT_GCC=gcc
COLLECT_LTO_WRAPPER=/usr/local/Cellar/gcc/5.3.0/libexec/gcc/x86_64-apple-darwin15.0.0/5.3.0/lto-wrapper
Target: x86_64-apple-darwin15.0.0
Configured with: ../configure --build=x86_64-apple-darwin15.0.0 --prefix=/usr/local/Cellar/gcc/5.3.0 --libdir=/usr/local/Cellar/gcc/5.3.0/lib/gcc/5 --enable-languages=c,c++,objc,obj-c++,fortran --program-suffix=-5 --with-gmp=/usr/local/opt/gmp --with-mpfr=/usr/local/opt/mpfr --with-mpc=/usr/local/opt/libmpc --with-isl=/usr/local/opt/isl --with-system-zlib --enable-libstdcxx-time=yes --enable-stage1-checking --enable-checking=release --enable-lto --with-build-config=bootstrap-debug --disable-werror --with-pkgversion='Homebrew gcc 5.3.0' --with-bugurl=https://github.com/Homebrew/homebrew/issues --enable-plugin --disable-nls --enable-multilib
Thread model: posix
gcc version 5.3.0 (Homebrew gcc 5.3.0) 
configure:5649: $? = 0
configure:5638: gcc -V >&5
gcc: error: unrecognized command line option '-V'
gcc: fatal error: no input files
compilation terminated.
configure:5649: $? = 1
configure:5638: gcc -qversion >&5
gcc: error: unrecognized command line option '-qversion'
gcc: fatal error: no input files
compilation terminated.
configure:5649: $? = 1
configure:5653: checking whether we are using the GNU Objective C compiler
configure:5672: gcc -c   conftest.m >&5
configure:5672: $? = 0
configure:5681: result: yes
configure:5690: checking whether gcc accepts -g
configure:5710: gcc -c -g  conftest.m >&5
configure:5710: $? = 0
configure:5751: result: yes
configure:5776: checking dependency style of gcc
configure:5885: result: gcc3
configure:5902: checking C++ compiler flags...
configure:5918: result: use default: -O2  -g -DNDEBUG
configure:5938: checking whether __SUNPRO_CC is declared
configure:5938: g++ -c  -g -DNDEBUG  conftest.cpp >&5
conftest.cpp: In function 'int main()':
conftest.cpp:64:10: error: '__SUNPRO_CC' was not declared in this scope
   (void) __SUNPRO_CC;
          ^
configure:5938: $? = 1
configure: failed program was:
| /* confdefs.h */
| #define PACKAGE_NAME "Protocol Buffers"
| #define PACKAGE_TARNAME "protobuf"
| #define PACKAGE_VERSION "3.0.0-beta-2"
| #define PACKAGE_STRING "Protocol Buffers 3.0.0-beta-2"
| #define PACKAGE_BUGREPORT "protobuf@googlegroups.com"
| #define PACKAGE_URL ""
| #define PACKAGE "protobuf"
| #define VERSION "3.0.0-beta-2"
| #define STDC_HEADERS 1
| #define HAVE_SYS_TYPES_H 1
| #define HAVE_SYS_STAT_H 1
| #define HAVE_STDLIB_H 1
| #define HAVE_STRING_H 1
| #define HAVE_MEMORY_H 1
| #define HAVE_STRINGS_H 1
| #define HAVE_INTTYPES_H 1
| #define HAVE_STDINT_H 1
| #define HAVE_UNISTD_H 1
| #define __EXTENSIONS__ 1
| #define _ALL_SOURCE 1
| #define _GNU_SOURCE 1
| #define _POSIX_PTHREAD_SEMANTICS 1
| #define _TANDEM_SOURCE 1
| /* end confdefs.h.  */
| #include <stdio.h>
| #ifdef HAVE_SYS_TYPES_H
| # include <sys/types.h>
| #endif
| #ifdef HAVE_SYS_STAT_H
| # include <sys/stat.h>
| #endif
| #ifdef STDC_HEADERS
| # include <stdlib.h>
| # include <stddef.h>
| #else
| # ifdef HAVE_STDLIB_H
| #  include <stdlib.h>
| # endif
| #endif
| #ifdef HAVE_STRING_H
| # if !defined STDC_HEADERS && defined HAVE_MEMORY_H
| #  include <memory.h>
| # endif
| # include <string.h>
| #endif
| #ifdef HAVE_STRINGS_H
| # include <strings.h>
| #endif
| #ifdef HAVE_INTTYPES_H
| # include <inttypes.h>
| #endif
| #ifdef HAVE_STDINT_H
| # include <stdint.h>
| #endif
| #ifdef HAVE_UNISTD_H
| # include <unistd.h>
| #endif
| int
| main ()
| {
| #ifndef __SUNPRO_CC
| #ifdef __cplusplus
|   (void) __SUNPRO_CC;
| #else
|   (void) __SUNPRO_CC;
| #endif
| #endif
| 
|   ;
|   return 0;
| }
configure:5938: result: no
configure:6113: checking how to print strings
configure:6140: result: printf
configure:6161: checking for a sed that does not truncate output
configure:6225: result: /usr/bin/sed
configure:6243: checking for fgrep
configure:6305: result: /usr/bin/grep -F
configure:6340: checking for ld used by gcc
configure:6407: result: /usr/bin/ld
configure:6414: checking if the linker (/usr/bin/ld) is GNU ld
configure:6429: result: no
configure:6441: checking for BSD- or MS-compatible name lister (nm)
configure:6495: result: /usr/bin/nm -B
configure:6625: checking the name lister (/usr/bin/nm -B) interface
configure:6632: g++ -c  -g -DNDEBUG  conftest.cpp >&5
configure:6635: /usr/bin/nm -B "conftest.o"
configure:6638: output
00000000000001c8 S _some_variable
configure:6645: result: BSD nm
configure:6648: checking whether ln -s works
configure:6652: result: yes
configure:6660: checking the maximum length of command line arguments
configure:6791: result: 196608
configure:6839: checking how to convert x86_64-apple-darwin15.4.0 file names to x86_64-apple-darwin15.4.0 format
configure:6879: result: func_convert_file_noop
configure:6886: checking how to convert x86_64-apple-darwin15.4.0 file names to toolchain format
configure:6906: result: func_convert_file_noop
configure:6913: checking for /usr/bin/ld option to reload object files
configure:6920: result: -r
configure:6994: checking for objdump
configure:7024: result: no
configure:7053: checking how to recognize dependent libraries
configure:7253: result: pass_all
configure:7338: checking for dlltool
configure:7368: result: no
configure:7398: checking how to associate runtime and link libraries
configure:7425: result: printf %s\n
configure:7549: checking for archiver @FILE support
configure:7566: g++ -c  -g -DNDEBUG  conftest.cpp >&5
configure:7566: $? = 0
configure:7569: ar cru libconftest.a @conftest.lst >&5
ar: @conftest.lst: No such file or directory
configure:7572: $? = 1
configure:7592: result: no
configure:7650: checking for strip
configure:7666: found /usr/bin/strip
configure:7677: result: strip
configure:7749: checking for ranlib
configure:7765: found /usr/bin/ranlib
configure:7776: result: ranlib
configure:7878: checking command to parse /usr/bin/nm -B output from gcc object
configure:8031: g++ -c  -g -DNDEBUG  conftest.cpp >&5
configure:8034: $? = 0
configure:8038: /usr/bin/nm -B conftest.o \| sed -n -e 's/^.*[ ]\([BCDEGRST][BCDEGRST]*\)[ ][ ]*\([_A-Za-z][_A-Za-z0-9]*\)$/\1 \2 \2/p' | sed '/ __gnu_lto/d' \> conftest.nm
configure:8041: $? = 0
cannot find nm_test_var in conftest.nm
configure:8031: g++ -c  -g -DNDEBUG  conftest.cpp >&5
configure:8034: $? = 0
configure:8038: /usr/bin/nm -B conftest.o \| sed -n -e 's/^.*[ ]\([BCDEGRST][BCDEGRST]*\)[ ][ ]*_\([_A-Za-z][_A-Za-z0-9]*\)$/\1 _\2 \2/p' | sed '/ __gnu_lto/d' \> conftest.nm
configure:8041: $? = 0
configure:8107: g++ -o conftest  -g -DNDEBUG   conftest.cpp conftstm.o >&5
warning: (x86_64)  could not find object file symbol for symbol _main
configure:8110: $? = 0
configure:8148: result: ok
configure:8195: checking for sysroot
configure:8225: result: no
configure:8232: checking for a working dd
configure:8270: result: /bin/dd
configure:8274: checking how to truncate binary pipes
configure:8289: result: /bin/dd bs=4096 count=1
configure:8618: checking for mt
configure:8648: result: no
configure:8668: checking if : is a manifest tool
configure:8674: : '-?'
configure:8682: result: no
configure:8738: checking for dsymutil
configure:8754: found /usr/bin/dsymutil
configure:8765: result: dsymutil
configure:8830: checking for nmedit
configure:8846: found /usr/bin/nmedit
configure:8857: result: nmedit
configure:8922: checking for lipo
configure:8938: found /usr/bin/lipo
configure:8949: result: lipo
configure:9014: checking for otool
configure:9030: found /usr/bin/otool
configure:9041: result: otool
configure:9106: checking for otool64
configure:9136: result: no
configure:9181: checking for -single_module linker flag
gcc   -o libconftest.dylib -dynamiclib -Wl,-single_module conftest.c
configure:9214: result: yes
configure:9217: checking for -exported_symbols_list linker flag
configure:9237: g++ -o conftest  -g -DNDEBUG   -Wl,-exported_symbols_list,conftest.sym conftest.cpp  >&5
configure:9237: $? = 0
configure:9247: result: yes
configure:9250: checking for -force_load linker flag
gcc  -c -o conftest.o conftest.c
ar cru libconftest.a conftest.o
ranlib libconftest.a
gcc   -o conftest conftest.c -Wl,-force_load,./libconftest.a
configure:9282: result: yes
configure:9356: checking for dlfcn.h
configure:9356: g++ -c  -g -DNDEBUG  conftest.cpp >&5
configure:9356: $? = 0
configure:9356: result: yes
configure:9622: checking for objdir
configure:9637: result: .libs
configure:9901: checking if gcc supports -fno-rtti -fno-exceptions
configure:9919: gcc -c   -fno-rtti -fno-exceptions conftest.c >&5
cc1: warning: command line option '-fno-rtti' is valid for C++/ObjC++ but not for C
configure:9923: $? = 0
configure:9936: result: no
configure:10294: checking for gcc option to produce PIC
configure:10301: result: -fno-common -DPIC
configure:10309: checking if gcc PIC flag -fno-common -DPIC works
configure:10327: gcc -c   -fno-common -DPIC -DPIC conftest.c >&5
configure:10331: $? = 0
configure:10344: result: yes
configure:10373: checking if gcc static flag -static works
configure:10401: result: no
configure:10416: checking if gcc supports -c -o file.o
configure:10437: gcc -c   -o out/conftest2.o conftest.c >&5
configure:10441: $? = 0
configure:10463: result: yes
configure:10471: checking if gcc supports -c -o file.o
configure:10518: result: yes
configure:10551: checking whether the gcc linker (/usr/bin/ld) supports shared libraries
configure:11810: result: yes
configure:12050: checking dynamic linker characteristics
configure:12868: result: darwin15.4.0 dyld
configure:12990: checking how to hardcode library paths into programs
configure:13015: result: immediate
configure:13563: checking whether stripping libraries is possible
configure:13577: result: yes
configure:13603: checking if libtool supports shared libraries
configure:13605: result: yes
configure:13608: checking whether to build shared libraries
configure:13633: result: yes
configure:13636: checking whether to build static libraries
configure:13640: result: yes
configure:13663: checking how to run the C++ preprocessor
configure:13729: result: g++ -E
configure:13749: g++ -E  conftest.cpp
configure:13749: $? = 0
configure:13763: g++ -E  conftest.cpp
conftest.cpp:28:28: fatal error: ac_nonexistent.h: No such file or directory
compilation terminated.
configure:13763: $? = 1
configure: failed program was:
| /* confdefs.h */
| #define PACKAGE_NAME "Protocol Buffers"
| #define PACKAGE_TARNAME "protobuf"
| #define PACKAGE_VERSION "3.0.0-beta-2"
| #define PACKAGE_STRING "Protocol Buffers 3.0.0-beta-2"
| #define PACKAGE_BUGREPORT "protobuf@googlegroups.com"
| #define PACKAGE_URL ""
| #define PACKAGE "protobuf"
| #define VERSION "3.0.0-beta-2"
| #define STDC_HEADERS 1
| #define HAVE_SYS_TYPES_H 1
| #define HAVE_SYS_STAT_H 1
| #define HAVE_STDLIB_H 1
| #define HAVE_STRING_H 1
| #define HAVE_MEMORY_H 1
| #define HAVE_STRINGS_H 1
| #define HAVE_INTTYPES_H 1
| #define HAVE_STDINT_H 1
| #define HAVE_UNISTD_H 1
| #define __EXTENSIONS__ 1
| #define _ALL_SOURCE 1
| #define _GNU_SOURCE 1
| #define _POSIX_PTHREAD_SEMANTICS 1
| #define _TANDEM_SOURCE 1
| #define HAVE_DLFCN_H 1
| #define LT_OBJDIR ".libs/"
| /* end confdefs.h.  */
| #include <ac_nonexistent.h>
configure:13925: checking for ld used by g++
configure:13992: result: /usr/bin/ld
configure:13999: checking if the linker (/usr/bin/ld) is GNU ld
configure:14014: result: no
configure:14069: checking whether the g++ linker (/usr/bin/ld) supports shared libraries
configure:15142: result: yes
configure:15178: g++ -c  -g -DNDEBUG  conftest.cpp >&5
configure:15181: $? = 0
configure:15662: checking for g++ option to produce PIC
configure:15669: result: -fno-common -DPIC
configure:15677: checking if g++ PIC flag -fno-common -DPIC works
configure:15695: g++ -c  -g -DNDEBUG  -fno-common -DPIC -DPIC conftest.cpp >&5
configure:15699: $? = 0
configure:15712: result: yes
configure:15735: checking if g++ static flag -static works
configure:15763: result: no
configure:15775: checking if g++ supports -c -o file.o
configure:15796: g++ -c  -g -DNDEBUG  -o out/conftest2.o conftest.cpp >&5
configure:15800: $? = 0
configure:15822: result: yes
configure:15827: checking if g++ supports -c -o file.o
configure:15874: result: yes
configure:15904: checking whether the g++ linker (/usr/bin/ld) supports shared libraries
configure:15944: result: yes
configure:16085: checking dynamic linker characteristics
configure:16830: result: darwin15.4.0 dyld
configure:16895: checking how to hardcode library paths into programs
configure:16920: result: immediate
configure:16983: checking for ANSI C header files
configure:17087: result: yes
configure:17098: checking fcntl.h usability
configure:17098: g++ -c  -g -DNDEBUG  conftest.cpp >&5
configure:17098: $? = 0
configure:17098: result: yes
configure:17098: checking fcntl.h presence
configure:17098: g++ -E  conftest.cpp
configure:17098: $? = 0
configure:17098: result: yes
configure:17098: checking for fcntl.h
configure:17098: result: yes
configure:17098: checking for inttypes.h
configure:17098: result: yes
configure:17098: checking limits.h usability
configure:17098: g++ -c  -g -DNDEBUG  conftest.cpp >&5
configure:17098: $? = 0
configure:17098: result: yes
configure:17098: checking limits.h presence
configure:17098: g++ -E  conftest.cpp
configure:17098: $? = 0
configure:17098: result: yes
configure:17098: checking for limits.h
configure:17098: result: yes
configure:17098: checking for stdlib.h
configure:17098: result: yes
configure:17098: checking for unistd.h
configure:17098: result: yes
configure:17110: checking for working memcmp
configure:17153: g++ -o conftest  -g -DNDEBUG   conftest.cpp  >&5
configure:17153: $? = 0
configure:17153: ./conftest
configure:17153: $? = 0
configure:17163: result: yes
configure:17172: checking for working strtod
configure:17213: g++ -o conftest  -g -DNDEBUG   conftest.cpp  >&5
conftest.cpp: In function 'int main()':
conftest.cpp:76:20: warning: deprecated conversion from string constant to 'char*' [-Wwrite-strings]
     char *string = " +69";
                    ^
conftest.cpp:87:20: warning: deprecated conversion from string constant to 'char*' [-Wwrite-strings]
     char *string = "NaN";
                    ^
configure:17213: $? = 0
configure:17213: ./conftest
configure:17213: $? = 0
configure:17223: result: yes
configure:17288: checking for ftruncate
configure:17288: g++ -o conftest  -g -DNDEBUG   conftest.cpp  >&5
configure:17288: $? = 0
configure:17288: result: yes
configure:17288: checking for memset
configure:17288: g++ -o conftest  -g -DNDEBUG   conftest.cpp  >&5
configure:17288: $? = 0
configure:17288: result: yes
configure:17288: checking for mkdir
configure:17288: g++ -o conftest  -g -DNDEBUG   conftest.cpp  >&5
configure:17288: $? = 0
configure:17288: result: yes
configure:17288: checking for strchr
configure:17288: g++ -o conftest  -g -DNDEBUG   conftest.cpp  >&5
configure:17288: $? = 0
configure:17288: result: yes
configure:17288: checking for strerror
configure:17288: g++ -o conftest  -g -DNDEBUG   conftest.cpp  >&5
configure:17288: $? = 0
configure:17288: result: yes
configure:17288: checking for strtol
configure:17288: g++ -o conftest  -g -DNDEBUG   conftest.cpp  >&5
configure:17288: $? = 0
configure:17288: result: yes
configure:17302: checking zlib version
configure:17322: g++ -c  -g -DNDEBUG  conftest.cpp >&5
configure:17322: $? = 0
configure:17324: result: ok (1.2.0.4 or later)
configure:17328: checking for library containing zlibVersion
configure:17359: g++ -o conftest  -g -DNDEBUG   conftest.cpp  >&5
Undefined symbols for architecture x86_64:
  "_zlibVersion", referenced from:
      _main in cc84mwsM.o
ld: symbol(s) not found for architecture x86_64
collect2: error: ld returned 1 exit status
configure:17359: $? = 1
configure: failed program was:
| /* confdefs.h */
| #define PACKAGE_NAME "Protocol Buffers"
| #define PACKAGE_TARNAME "protobuf"
| #define PACKAGE_VERSION "3.0.0-beta-2"
| #define PACKAGE_STRING "Protocol Buffers 3.0.0-beta-2"
| #define PACKAGE_BUGREPORT "protobuf@googlegroups.com"
| #define PACKAGE_URL ""
| #define PACKAGE "protobuf"
| #define VERSION "3.0.0-beta-2"
| #define STDC_HEADERS 1
| #define HAVE_SYS_TYPES_H 1
| #define HAVE_SYS_STAT_H 1
| #define HAVE_STDLIB_H 1
| #define HAVE_STRING_H 1
| #define HAVE_MEMORY_H 1
| #define HAVE_STRINGS_H 1
| #define HAVE_INTTYPES_H 1
| #define HAVE_STDINT_H 1
| #define HAVE_UNISTD_H 1
| #define __EXTENSIONS__ 1
| #define _ALL_SOURCE 1
| #define _GNU_SOURCE 1
| #define _POSIX_PTHREAD_SEMANTICS 1
| #define _TANDEM_SOURCE 1
| #define HAVE_DLFCN_H 1
| #define LT_OBJDIR ".libs/"
| #define STDC_HEADERS 1
| #define HAVE_FCNTL_H 1
| #define HAVE_INTTYPES_H 1
| #define HAVE_LIMITS_H 1
| #define HAVE_STDLIB_H 1
| #define HAVE_UNISTD_H 1
| #define HAVE_FTRUNCATE 1
| #define HAVE_MEMSET 1
| #define HAVE_MKDIR 1
| #define HAVE_STRCHR 1
| #define HAVE_STRERROR 1
| #define HAVE_STRTOL 1
| /* end confdefs.h.  */
| 
| /* Override any GCC internal prototype to avoid an error.
|    Use char because int might match the return type of a GCC
|    builtin and then its argument prototype would still apply.  */
| #ifdef __cplusplus
| extern "C"
| #endif
| char zlibVersion ();
| int
| main ()
| {
| return zlibVersion ();
|   ;
|   return 0;
| }
configure:17359: g++ -o conftest  -g -DNDEBUG   conftest.cpp -lz   >&5
configure:17359: $? = 0
configure:17376: result: -lz
configure:17627: checking for the pthreads library -lpthreads
configure:17660: gcc -o conftest     conftest.c -lpthreads -lz  >&5
ld: library not found for -lpthreads
collect2: error: ld returned 1 exit status
configure:17660: $? = 1
configure: failed program was:
| /* confdefs.h */
| #define PACKAGE_NAME "Protocol Buffers"
| #define PACKAGE_TARNAME "protobuf"
| #define PACKAGE_VERSION "3.0.0-beta-2"
| #define PACKAGE_STRING "Protocol Buffers 3.0.0-beta-2"
| #define PACKAGE_BUGREPORT "protobuf@googlegroups.com"
| #define PACKAGE_URL ""
| #define PACKAGE "protobuf"
| #define VERSION "3.0.0-beta-2"
| #define STDC_HEADERS 1
| #define HAVE_SYS_TYPES_H 1
| #define HAVE_SYS_STAT_H 1
| #define HAVE_STDLIB_H 1
| #define HAVE_STRING_H 1
| #define HAVE_MEMORY_H 1
| #define HAVE_STRINGS_H 1
| #define HAVE_INTTYPES_H 1
| #define HAVE_STDINT_H 1
| #define HAVE_UNISTD_H 1
| #define __EXTENSIONS__ 1
| #define _ALL_SOURCE 1
| #define _GNU_SOURCE 1
| #define _POSIX_PTHREAD_SEMANTICS 1
| #define _TANDEM_SOURCE 1
| #define HAVE_DLFCN_H 1
| #define LT_OBJDIR ".libs/"
| #define STDC_HEADERS 1
| #define HAVE_FCNTL_H 1
| #define HAVE_INTTYPES_H 1
| #define HAVE_LIMITS_H 1
| #define HAVE_STDLIB_H 1
| #define HAVE_UNISTD_H 1
| #define HAVE_FTRUNCATE 1
| #define HAVE_MEMSET 1
| #define HAVE_MKDIR 1
| #define HAVE_STRCHR 1
| #define HAVE_STRERROR 1
| #define HAVE_STRTOL 1
| #define HAVE_ZLIB 1
| /* end confdefs.h.  */
| #include <pthread.h>
| int
| main ()
| {
| pthread_t th; pthread_join(th, 0);
|                      pthread_attr_init(0); pthread_cleanup_push(0, 0);
|                      pthread_create(0,0,0,0); pthread_cleanup_pop(0);
|   ;
|   return 0;
| }
configure:17669: result: no
configure:17572: checking whether pthreads work without any flags
configure:17660: gcc -o conftest     conftest.c  -lz  >&5
configure:17660: $? = 0
configure:17669: result: yes
configure:17688: checking for joinable pthread attribute
configure:17703: gcc -o conftest     conftest.c  -lz  >&5
configure:17703: $? = 0
configure:17709: result: PTHREAD_CREATE_JOINABLE
configure:17719: checking if more special flags are required for pthreads
configure:17726: result: -D_THREAD_SAFE
configure:17815: checking whether to check for GCC pthread/shared inconsistencies
configure:17828: gcc -o conftest -shared -fPIC -Wl,-z,defs  -D_THREAD_SAFE    conftest.c  -lz  >&5
ld: unknown option: -z
collect2: error: ld returned 1 exit status
configure:17828: $? = 1
configure: failed program was:
| /* confdefs.h */
| #define PACKAGE_NAME "Protocol Buffers"
| #define PACKAGE_TARNAME "protobuf"
| #define PACKAGE_VERSION "3.0.0-beta-2"
| #define PACKAGE_STRING "Protocol Buffers 3.0.0-beta-2"
| #define PACKAGE_BUGREPORT "protobuf@googlegroups.com"
| #define PACKAGE_URL ""
| #define PACKAGE "protobuf"
| #define VERSION "3.0.0-beta-2"
| #define STDC_HEADERS 1
| #define HAVE_SYS_TYPES_H 1
| #define HAVE_SYS_STAT_H 1
| #define HAVE_STDLIB_H 1
| #define HAVE_STRING_H 1
| #define HAVE_MEMORY_H 1
| #define HAVE_STRINGS_H 1
| #define HAVE_INTTYPES_H 1
| #define HAVE_STDINT_H 1
| #define HAVE_UNISTD_H 1
| #define __EXTENSIONS__ 1
| #define _ALL_SOURCE 1
| #define _GNU_SOURCE 1
| #define _POSIX_PTHREAD_SEMANTICS 1
| #define _TANDEM_SOURCE 1
| #define HAVE_DLFCN_H 1
| #define LT_OBJDIR ".libs/"
| #define STDC_HEADERS 1
| #define HAVE_FCNTL_H 1
| #define HAVE_INTTYPES_H 1
| #define HAVE_LIMITS_H 1
| #define HAVE_STDLIB_H 1
| #define HAVE_UNISTD_H 1
| #define HAVE_FTRUNCATE 1
| #define HAVE_MEMSET 1
| #define HAVE_MKDIR 1
| #define HAVE_STRCHR 1
| #define HAVE_STRERROR 1
| #define HAVE_STRTOL 1
| #define HAVE_ZLIB 1
| /* end confdefs.h.  */
| 
| int
| main ()
| {
| 
|   ;
|   return 0;
| }
configure:17837: result: no
configure:17956: checking whether what we have so far is sufficient with -nostdlib
configure:17974: gcc -o conftest -nostdlib -shared -fPIC -Wl,-z,defs  -D_THREAD_SAFE    conftest.c  -lz  -lc >&5
ld: unknown option: -z
collect2: error: ld returned 1 exit status
configure:17974: $? = 1
configure: failed program was:
| /* confdefs.h */
| #define PACKAGE_NAME "Protocol Buffers"
| #define PACKAGE_TARNAME "protobuf"
| #define PACKAGE_VERSION "3.0.0-beta-2"
| #define PACKAGE_STRING "Protocol Buffers 3.0.0-beta-2"
| #define PACKAGE_BUGREPORT "protobuf@googlegroups.com"
| #define PACKAGE_URL ""
| #define PACKAGE "protobuf"
| #define VERSION "3.0.0-beta-2"
| #define STDC_HEADERS 1
| #define HAVE_SYS_TYPES_H 1
| #define HAVE_SYS_STAT_H 1
| #define HAVE_STDLIB_H 1
| #define HAVE_STRING_H 1
| #define HAVE_MEMORY_H 1
| #define HAVE_STRINGS_H 1
| #define HAVE_INTTYPES_H 1
| #define HAVE_STDINT_H 1
| #define HAVE_UNISTD_H 1
| #define __EXTENSIONS__ 1
| #define _ALL_SOURCE 1
| #define _GNU_SOURCE 1
| #define _POSIX_PTHREAD_SEMANTICS 1
| #define _TANDEM_SOURCE 1
| #define HAVE_DLFCN_H 1
| #define LT_OBJDIR ".libs/"
| #define STDC_HEADERS 1
| #define HAVE_FCNTL_H 1
| #define HAVE_INTTYPES_H 1
| #define HAVE_LIMITS_H 1
| #define HAVE_STDLIB_H 1
| #define HAVE_UNISTD_H 1
| #define HAVE_FTRUNCATE 1
| #define HAVE_MEMSET 1
| #define HAVE_MKDIR 1
| #define HAVE_STRCHR 1
| #define HAVE_STRERROR 1
| #define HAVE_STRTOL 1
| #define HAVE_ZLIB 1
| /* end confdefs.h.  */
| #include <pthread.h>
| int
| main ()
| {
| pthread_t th; pthread_join(th, 0);
| 	       pthread_attr_init(0); pthread_cleanup_push(0, 0);
| 	       pthread_create(0,0,0,0); pthread_cleanup_pop(0);
|   ;
|   return 0;
| }
configure:17986: result: no
configure:17991: checking whether -lpthread saves the day
configure:18007: gcc -o conftest -nostdlib -shared -fPIC -Wl,-z,defs  -D_THREAD_SAFE    conftest.c -lpthread  -lz  -lc >&5
ld: unknown option: -z
collect2: error: ld returned 1 exit status
configure:18007: $? = 1
configure: failed program was:
| /* confdefs.h */
| #define PACKAGE_NAME "Protocol Buffers"
| #define PACKAGE_TARNAME "protobuf"
| #define PACKAGE_VERSION "3.0.0-beta-2"
| #define PACKAGE_STRING "Protocol Buffers 3.0.0-beta-2"
| #define PACKAGE_BUGREPORT "protobuf@googlegroups.com"
| #define PACKAGE_URL ""
| #define PACKAGE "protobuf"
| #define VERSION "3.0.0-beta-2"
| #define STDC_HEADERS 1
| #define HAVE_SYS_TYPES_H 1
| #define HAVE_SYS_STAT_H 1
| #define HAVE_STDLIB_H 1
| #define HAVE_STRING_H 1
| #define HAVE_MEMORY_H 1
| #define HAVE_STRINGS_H 1
| #define HAVE_INTTYPES_H 1
| #define HAVE_STDINT_H 1
| #define HAVE_UNISTD_H 1
| #define __EXTENSIONS__ 1
| #define _ALL_SOURCE 1
| #define _GNU_SOURCE 1
| #define _POSIX_PTHREAD_SEMANTICS 1
| #define _TANDEM_SOURCE 1
| #define HAVE_DLFCN_H 1
| #define LT_OBJDIR ".libs/"
| #define STDC_HEADERS 1
| #define HAVE_FCNTL_H 1
| #define HAVE_INTTYPES_H 1
| #define HAVE_LIMITS_H 1
| #define HAVE_STDLIB_H 1
| #define HAVE_UNISTD_H 1
| #define HAVE_FTRUNCATE 1
| #define HAVE_MEMSET 1
| #define HAVE_MKDIR 1
| #define HAVE_STRCHR 1
| #define HAVE_STRERROR 1
| #define HAVE_STRTOL 1
| #define HAVE_ZLIB 1
| /* end confdefs.h.  */
| #include <pthread.h>
| int
| main ()
| {
| pthread_t th; pthread_join(th, 0);
| 	       pthread_attr_init(0); pthread_cleanup_push(0, 0);
| 	       pthread_create(0,0,0,0); pthread_cleanup_pop(0);
|   ;
|   return 0;
| }
configure:18020: result: no
configure:18022: WARNING: Impossible to determine how to use pthreads with shared libraries and -nostdlib
configure:18066: checking the location of hash_map
configure:18092: g++ -c  -g -DNDEBUG  conftest.cpp >&5
configure:18092: $? = 0
configure:18114: g++ -c  -g -DNDEBUG  conftest.cpp >&5
In file included from /usr/local/Cellar/gcc/5.3.0/include/c++/5.3.0/unordered_map:35:0,
                 from conftest.cpp:42:
/usr/local/Cellar/gcc/5.3.0/include/c++/5.3.0/bits/c++0x_warning.h:32:2: error: #error This file requires compiler and library support for the ISO C++ 2011 standard. This support is currently experimental, and must be enabled with the -std=c++11 or -std=gnu++11 compiler options.
 #error This file requires compiler and library support for the \
  ^
conftest.cpp: In function 'int main()':
conftest.cpp:46:12: error: 'unordered_map' in namespace 'std' does not name a template type
 const std::unordered_map<int, int> t;
            ^
conftest.cpp:47:33: error: 't' was not declared in this scope
                          return t.find(5) == t.end();
                                 ^
configure:18114: $? = 1
configure: failed program was:
| /* confdefs.h */
| #define PACKAGE_NAME "Protocol Buffers"
| #define PACKAGE_TARNAME "protobuf"
| #define PACKAGE_VERSION "3.0.0-beta-2"
| #define PACKAGE_STRING "Protocol Buffers 3.0.0-beta-2"
| #define PACKAGE_BUGREPORT "protobuf@googlegroups.com"
| #define PACKAGE_URL ""
| #define PACKAGE "protobuf"
| #define VERSION "3.0.0-beta-2"
| #define STDC_HEADERS 1
| #define HAVE_SYS_TYPES_H 1
| #define HAVE_SYS_STAT_H 1
| #define HAVE_STDLIB_H 1
| #define HAVE_STRING_H 1
| #define HAVE_MEMORY_H 1
| #define HAVE_STRINGS_H 1
| #define HAVE_INTTYPES_H 1
| #define HAVE_STDINT_H 1
| #define HAVE_UNISTD_H 1
| #define __EXTENSIONS__ 1
| #define _ALL_SOURCE 1
| #define _GNU_SOURCE 1
| #define _POSIX_PTHREAD_SEMANTICS 1
| #define _TANDEM_SOURCE 1
| #define HAVE_DLFCN_H 1
| #define LT_OBJDIR ".libs/"
| #define STDC_HEADERS 1
| #define HAVE_FCNTL_H 1
| #define HAVE_INTTYPES_H 1
| #define HAVE_LIMITS_H 1
| #define HAVE_STDLIB_H 1
| #define HAVE_UNISTD_H 1
| #define HAVE_FTRUNCATE 1
| #define HAVE_MEMSET 1
| #define HAVE_MKDIR 1
| #define HAVE_STRCHR 1
| #define HAVE_STRERROR 1
| #define HAVE_STRTOL 1
| #define HAVE_ZLIB 1
| #define HAVE_PTHREAD 1
| /* end confdefs.h.  */
| #include <unordered_map>
| int
| main ()
| {
| const std::unordered_map<int, int> t;
|                          return t.find(5) == t.end();
|   ;
|   return 0;
| }
configure:18114: g++ -c  -g -DNDEBUG  conftest.cpp >&5
In file included from /usr/local/Cellar/gcc/5.3.0/include/c++/5.3.0/unordered_map:35:0,
                 from conftest.cpp:42:
/usr/local/Cellar/gcc/5.3.0/include/c++/5.3.0/bits/c++0x_warning.h:32:2: error: #error This file requires compiler and library support for the ISO C++ 2011 standard. This support is currently experimental, and must be enabled with the -std=c++11 or -std=gnu++11 compiler options.
 #error This file requires compiler and library support for the \
  ^
conftest.cpp: In function 'int main()':
conftest.cpp:46:12: error: 'tr1' in namespace 'std' does not name a type
 const std::tr1::unordered_map<int, int> t;
            ^
conftest.cpp:47:33: error: 't' was not declared in this scope
                          return t.find(5) == t.end();
                                 ^
configure:18114: $? = 1
configure: failed program was:
| /* confdefs.h */
| #define PACKAGE_NAME "Protocol Buffers"
| #define PACKAGE_TARNAME "protobuf"
| #define PACKAGE_VERSION "3.0.0-beta-2"
| #define PACKAGE_STRING "Protocol Buffers 3.0.0-beta-2"
| #define PACKAGE_BUGREPORT "protobuf@googlegroups.com"
| #define PACKAGE_URL ""
| #define PACKAGE "protobuf"
| #define VERSION "3.0.0-beta-2"
| #define STDC_HEADERS 1
| #define HAVE_SYS_TYPES_H 1
| #define HAVE_SYS_STAT_H 1
| #define HAVE_STDLIB_H 1
| #define HAVE_STRING_H 1
| #define HAVE_MEMORY_H 1
| #define HAVE_STRINGS_H 1
| #define HAVE_INTTYPES_H 1
| #define HAVE_STDINT_H 1
| #define HAVE_UNISTD_H 1
| #define __EXTENSIONS__ 1
| #define _ALL_SOURCE 1
| #define _GNU_SOURCE 1
| #define _POSIX_PTHREAD_SEMANTICS 1
| #define _TANDEM_SOURCE 1
| #define HAVE_DLFCN_H 1
| #define LT_OBJDIR ".libs/"
| #define STDC_HEADERS 1
| #define HAVE_FCNTL_H 1
| #define HAVE_INTTYPES_H 1
| #define HAVE_LIMITS_H 1
| #define HAVE_STDLIB_H 1
| #define HAVE_UNISTD_H 1
| #define HAVE_FTRUNCATE 1
| #define HAVE_MEMSET 1
| #define HAVE_MKDIR 1
| #define HAVE_STRCHR 1
| #define HAVE_STRERROR 1
| #define HAVE_STRTOL 1
| #define HAVE_ZLIB 1
| #define HAVE_PTHREAD 1
| /* end confdefs.h.  */
| #include <unordered_map>
| int
| main ()
| {
| const std::tr1::unordered_map<int, int> t;
|                          return t.find(5) == t.end();
|   ;
|   return 0;
| }
configure:18114: g++ -c  -g -DNDEBUG  conftest.cpp >&5
conftest.cpp: In function 'int main()':
conftest.cpp:46:12: error: 'unordered_map' in namespace 'std' does not name a template type
 const std::unordered_map<int, int> t;
            ^
conftest.cpp:47:33: error: 't' was not declared in this scope
                          return t.find(5) == t.end();
                                 ^
configure:18114: $? = 1
configure: failed program was:
| /* confdefs.h */
| #define PACKAGE_NAME "Protocol Buffers"
| #define PACKAGE_TARNAME "protobuf"
| #define PACKAGE_VERSION "3.0.0-beta-2"
| #define PACKAGE_STRING "Protocol Buffers 3.0.0-beta-2"
| #define PACKAGE_BUGREPORT "protobuf@googlegroups.com"
| #define PACKAGE_URL ""
| #define PACKAGE "protobuf"
| #define VERSION "3.0.0-beta-2"
| #define STDC_HEADERS 1
| #define HAVE_SYS_TYPES_H 1
| #define HAVE_SYS_STAT_H 1
| #define HAVE_STDLIB_H 1
| #define HAVE_STRING_H 1
| #define HAVE_MEMORY_H 1
| #define HAVE_STRINGS_H 1
| #define HAVE_INTTYPES_H 1
| #define HAVE_STDINT_H 1
| #define HAVE_UNISTD_H 1
| #define __EXTENSIONS__ 1
| #define _ALL_SOURCE 1
| #define _GNU_SOURCE 1
| #define _POSIX_PTHREAD_SEMANTICS 1
| #define _TANDEM_SOURCE 1
| #define HAVE_DLFCN_H 1
| #define LT_OBJDIR ".libs/"
| #define STDC_HEADERS 1
| #define HAVE_FCNTL_H 1
| #define HAVE_INTTYPES_H 1
| #define HAVE_LIMITS_H 1
| #define HAVE_STDLIB_H 1
| #define HAVE_UNISTD_H 1
| #define HAVE_FTRUNCATE 1
| #define HAVE_MEMSET 1
| #define HAVE_MKDIR 1
| #define HAVE_STRCHR 1
| #define HAVE_STRERROR 1
| #define HAVE_STRTOL 1
| #define HAVE_ZLIB 1
| #define HAVE_PTHREAD 1
| /* end confdefs.h.  */
| #include <tr1/unordered_map>
| int
| main ()
| {
| const std::unordered_map<int, int> t;
|                          return t.find(5) == t.end();
|   ;
|   return 0;
| }
configure:18114: g++ -c  -g -DNDEBUG  conftest.cpp >&5
configure:18114: $? = 0
configure:18181: result: <tr1/unordered_map>
configure:18196: checking for library containing sched_yield
configure:18227: g++ -o conftest  -g -DNDEBUG   conftest.cpp -lz  >&5
configure:18227: $? = 0
configure:18244: result: none required
configure:18401: checking that generated files are newer than configure
configure:18407: result: done
configure:18458: creating ./config.status

## ---------------------- ##
## Running config.status. ##
## ---------------------- ##

This file was extended by Protocol Buffers config.status 3.0.0-beta-2, which was
generated by GNU Autoconf 2.69.  Invocation command line was

  CONFIG_FILES    = 
  CONFIG_HEADERS  = 
  CONFIG_LINKS    = 
  CONFIG_COMMANDS = 
  $ ./config.status 

on Michaels-MacBook-Pro-8.local

config.status:1205: creating Makefile
config.status:1205: creating src/Makefile
config.status:1205: creating conformance/Makefile
config.status:1205: creating protobuf.pc
config.status:1205: creating protobuf-lite.pc
config.status:1205: creating config.h
config.status:1434: executing depfiles commands
config.status:1434: executing libtool commands
configure:20936: === configuring in gmock (/Users/michaelfarrell/Desktop/GoogleDrive/CS262/Distributed-SGD/protobuf-3.0.0-beta-2/gmock)
configure:20999: running /bin/sh ./configure --disable-option-checking '--prefix=/usr/local'  --cache-file=/dev/null --srcdir=.

## ---------------- ##
## Cache variables. ##
## ---------------- ##

ac_cv_build=x86_64-apple-darwin15.4.0
ac_cv_c_compiler_gnu=yes
ac_cv_cxx_compiler_gnu=yes
ac_cv_cxx_hash_map='<tr1/unordered_map>'
ac_cv_cxx_hash_map_class=unordered_map
ac_cv_cxx_hash_namespace=std::tr1
ac_cv_cxx_hash_set='<tr1/unordered_set>'
ac_cv_cxx_hash_set_class=unordered_set
ac_cv_env_CCC_set=
ac_cv_env_CCC_value=
ac_cv_env_CC_set=
ac_cv_env_CC_value=
ac_cv_env_CFLAGS_set=
ac_cv_env_CFLAGS_value=
ac_cv_env_CPPFLAGS_set=
ac_cv_env_CPPFLAGS_value=
ac_cv_env_CXXCPP_set=
ac_cv_env_CXXCPP_value=
ac_cv_env_CXXFLAGS_set=
ac_cv_env_CXXFLAGS_value=
ac_cv_env_CXX_set=
ac_cv_env_CXX_value=
ac_cv_env_DIST_LANG_set=
ac_cv_env_DIST_LANG_value=
ac_cv_env_LDFLAGS_set=
ac_cv_env_LDFLAGS_value=
ac_cv_env_LIBS_set=
ac_cv_env_LIBS_value=
ac_cv_env_LT_SYS_LIBRARY_PATH_set=
ac_cv_env_LT_SYS_LIBRARY_PATH_value=
ac_cv_env_OBJCFLAGS_set=
ac_cv_env_OBJCFLAGS_value=
ac_cv_env_OBJC_set=
ac_cv_env_OBJC_value=
ac_cv_env_build_alias_set=
ac_cv_env_build_alias_value=
ac_cv_env_host_alias_set=
ac_cv_env_host_alias_value=
ac_cv_env_target_alias_set=
ac_cv_env_target_alias_value=
ac_cv_func_ftruncate=yes
ac_cv_func_memcmp_working=yes
ac_cv_func_memset=yes
ac_cv_func_mkdir=yes
ac_cv_func_strchr=yes
ac_cv_func_strerror=yes
ac_cv_func_strtod=yes
ac_cv_func_strtol=yes
ac_cv_have_decl___SUNPRO_CC=no
ac_cv_header_dlfcn_h=yes
ac_cv_header_fcntl_h=yes
ac_cv_header_inttypes_h=yes
ac_cv_header_limits_h=yes
ac_cv_header_memory_h=yes
ac_cv_header_minix_config_h=no
ac_cv_header_stdc=yes
ac_cv_header_stdint_h=yes
ac_cv_header_stdlib_h=yes
ac_cv_header_string_h=yes
ac_cv_header_strings_h=yes
ac_cv_header_sys_stat_h=yes
ac_cv_header_sys_types_h=yes
ac_cv_header_unistd_h=yes
ac_cv_host=x86_64-apple-darwin15.4.0
ac_cv_objc_compiler_gnu=yes
ac_cv_objext=o
ac_cv_path_EGREP='/usr/bin/grep -E'
ac_cv_path_FGREP='/usr/bin/grep -F'
ac_cv_path_GREP=/usr/bin/grep
ac_cv_path_SED=/usr/bin/sed
ac_cv_path_install='/usr/bin/install -c'
ac_cv_path_lt_DD=/bin/dd
ac_cv_prog_AWK=awk
ac_cv_prog_CXXCPP='g++ -E'
ac_cv_prog_ac_ct_AR=ar
ac_cv_prog_ac_ct_CC=gcc
ac_cv_prog_ac_ct_CXX=g++
ac_cv_prog_ac_ct_DSYMUTIL=dsymutil
ac_cv_prog_ac_ct_LIPO=lipo
ac_cv_prog_ac_ct_NMEDIT=nmedit
ac_cv_prog_ac_ct_OBJC=gcc
ac_cv_prog_ac_ct_OTOOL=otool
ac_cv_prog_ac_ct_RANLIB=ranlib
ac_cv_prog_ac_ct_STRIP=strip
ac_cv_prog_cc_c89=
ac_cv_prog_cc_g=yes
ac_cv_prog_cxx_g=yes
ac_cv_prog_make_make_set=yes
ac_cv_prog_objc_g=yes
ac_cv_safe_to_define___extensions__=yes
ac_cv_search_sched_yield='none required'
ac_cv_search_zlibVersion=-lz
ac_cv_target=x86_64-apple-darwin15.4.0
am_cv_CC_dependencies_compiler_type=gcc3
am_cv_CXX_dependencies_compiler_type=gcc3
am_cv_OBJC_dependencies_compiler_type=gcc3
am_cv_ar_interface=ar
am_cv_make_support_nested_variables=yes
am_cv_prog_cc_c_o=yes
am_cv_prog_tar_ustar=gnutar
lt_cv_apple_cc_single_mod=yes
lt_cv_ar_at_file=no
lt_cv_deplibs_check_method=pass_all
lt_cv_file_magic_cmd='$MAGIC_CMD'
lt_cv_file_magic_test_file=
lt_cv_ld_exported_symbols_list=yes
lt_cv_ld_force_load=yes
lt_cv_ld_reload_flag=-r
lt_cv_nm_interface='BSD nm'
lt_cv_objdir=.libs
lt_cv_path_LD=/usr/bin/ld
lt_cv_path_LDCXX=/usr/bin/ld
lt_cv_path_NM='/usr/bin/nm -B'
lt_cv_path_mainfest_tool=no
lt_cv_prog_compiler_c_o=yes
lt_cv_prog_compiler_c_o_CXX=yes
lt_cv_prog_compiler_pic='-fno-common -DPIC'
lt_cv_prog_compiler_pic_CXX='-fno-common -DPIC'
lt_cv_prog_compiler_pic_works=yes
lt_cv_prog_compiler_pic_works_CXX=yes
lt_cv_prog_compiler_rtti_exceptions=no
lt_cv_prog_compiler_static_works=no
lt_cv_prog_compiler_static_works_CXX=no
lt_cv_prog_gnu_ld=no
lt_cv_prog_gnu_ldcxx=no
lt_cv_sharedlib_from_linklib_cmd='printf %s\n'
lt_cv_sys_global_symbol_pipe='sed -n -e '\''s/^.*[	 ]\([BCDEGRST][BCDEGRST]*\)[	 ][	 ]*_\([_A-Za-z][_A-Za-z0-9]*\)$/\1 _\2 \2/p'\'' | sed '\''/ __gnu_lto/d'\'''
lt_cv_sys_global_symbol_to_c_name_address='sed -n -e '\''s/^: \(.*\) .*$/  {"\1", (void *) 0},/p'\'' -e '\''s/^[BCDEGRST][BCDEGRST]* .* \(.*\)$/  {"\1", (void *) \&\1},/p'\'''
lt_cv_sys_global_symbol_to_c_name_address_lib_prefix='sed -n -e '\''s/^: \(.*\) .*$/  {"\1", (void *) 0},/p'\'' -e '\''s/^[BCDEGRST][BCDEGRST]* .* \(lib.*\)$/  {"\1", (void *) \&\1},/p'\'' -e '\''s/^[BCDEGRST][BCDEGRST]* .* \(.*\)$/  {"lib\1", (void *) \&\1},/p'\'''
lt_cv_sys_global_symbol_to_cdecl='sed -n -e '\''s/^T .* \(.*\)$/extern int \1();/p'\'' -e '\''s/^[BCDEGRST][BCDEGRST]* .* \(.*\)$/extern char \1;/p'\'''
lt_cv_sys_global_symbol_to_import=
lt_cv_sys_max_cmd_len=196608
lt_cv_to_host_file_cmd=func_convert_file_noop
lt_cv_to_tool_file_cmd=func_convert_file_noop
lt_cv_truncate_bin='/bin/dd bs=4096 count=1'

## ----------------- ##
## Output variables. ##
## ----------------- ##

ACLOCAL='${SHELL} /Users/michaelfarrell/Desktop/GoogleDrive/CS262/Distributed-SGD/protobuf-3.0.0-beta-2/missing aclocal-1.15'
AMDEPBACKSLASH='\'
AMDEP_FALSE='#'
AMDEP_TRUE=''
AMTAR='$${TAR-tar}'
AM_BACKSLASH='\'
AM_DEFAULT_V='$(AM_DEFAULT_VERBOSITY)'
AM_DEFAULT_VERBOSITY='1'
AM_V='$(V)'
AR='ar'
AUTOCONF='${SHELL} /Users/michaelfarrell/Desktop/GoogleDrive/CS262/Distributed-SGD/protobuf-3.0.0-beta-2/missing autoconf'
AUTOHEADER='${SHELL} /Users/michaelfarrell/Desktop/GoogleDrive/CS262/Distributed-SGD/protobuf-3.0.0-beta-2/missing autoheader'
AUTOMAKE='${SHELL} /Users/michaelfarrell/Desktop/GoogleDrive/CS262/Distributed-SGD/protobuf-3.0.0-beta-2/missing automake-1.15'
AWK='awk'
CC='gcc'
CCDEPMODE='depmode=gcc3'
CFLAGS=''
CPPFLAGS=''
CXX='g++'
CXXCPP='g++ -E'
CXXDEPMODE='depmode=gcc3'
CXXFLAGS=' -g -DNDEBUG'
CYGPATH_W='echo'
DEFS='-DHAVE_CONFIG_H'
DEPDIR='.deps'
DIST_LANG='all'
DLLTOOL='false'
DSYMUTIL='dsymutil'
DUMPBIN=''
ECHO_C='\c'
ECHO_N=''
ECHO_T=''
EGREP='/usr/bin/grep -E'
EXEEXT=''
FGREP='/usr/bin/grep -F'
GCC_FALSE='#'
GCC_TRUE=''
GREP='/usr/bin/grep'
HAVE_PTHREAD_FALSE='#'
HAVE_PTHREAD_TRUE=''
HAVE_ZLIB_FALSE='#'
HAVE_ZLIB_TRUE=''
INSTALL_DATA='${INSTALL} -m 644'
INSTALL_PROGRAM='${INSTALL}'
INSTALL_SCRIPT='${INSTALL}'
INSTALL_STRIP_PROGRAM='$(install_sh) -c -s'
ISAINFO=''
LD='/usr/bin/ld'
LDFLAGS=''
LIBOBJS=''
LIBS='-lz '
LIBTOOL='$(SHELL) $(top_builddir)/libtool'
LIPO='lipo'
LN_S='ln -s'
LTLIBOBJS=''
LT_SYS_LIBRARY_PATH=''
MAINT=''
MAINTAINER_MODE_FALSE='#'
MAINTAINER_MODE_TRUE=''
MAKEINFO='${SHELL} /Users/michaelfarrell/Desktop/GoogleDrive/CS262/Distributed-SGD/protobuf-3.0.0-beta-2/missing makeinfo'
MANIFEST_TOOL=':'
MKDIR_P='./install-sh -c -d'
NM='/usr/bin/nm -B'
NMEDIT='nmedit'
OBJC='gcc'
OBJCDEPMODE='depmode=gcc3'
OBJCFLAGS='-g -O2'
OBJC_CONFORMANCE_TEST_FALSE='#'
OBJC_CONFORMANCE_TEST_TRUE=''
OBJDUMP='false'
OBJEXT='o'
OTOOL64=':'
OTOOL='otool'
PACKAGE='protobuf'
PACKAGE_BUGREPORT='protobuf@googlegroups.com'
PACKAGE_NAME='Protocol Buffers'
PACKAGE_STRING='Protocol Buffers 3.0.0-beta-2'
PACKAGE_TARNAME='protobuf'
PACKAGE_URL=''
PACKAGE_VERSION='3.0.0-beta-2'
PATH_SEPARATOR=':'
POW_LIB=''
PROTOBUF_OPT_FLAG='-O2'
PROTOC=''
PTHREAD_CC='gcc'
PTHREAD_CFLAGS='-D_THREAD_SAFE '
PTHREAD_LIBS=''
RANLIB='ranlib'
SED='/usr/bin/sed'
SET_MAKE=''
SHELL='/bin/sh'
STRIP='strip'
USE_EXTERNAL_PROTOC_FALSE=''
USE_EXTERNAL_PROTOC_TRUE='#'
VERSION='3.0.0-beta-2'
ac_ct_AR='ar'
ac_ct_CC='gcc'
ac_ct_CXX='g++'
ac_ct_DUMPBIN=''
ac_ct_OBJC='gcc'
acx_pthread_config=''
am__EXEEXT_FALSE=''
am__EXEEXT_TRUE='#'
am__fastdepCC_FALSE='#'
am__fastdepCC_TRUE=''
am__fastdepCXX_FALSE='#'
am__fastdepCXX_TRUE=''
am__fastdepOBJC_FALSE='#'
am__fastdepOBJC_TRUE=''
am__include='include'
am__isrc=''
am__leading_dot='.'
am__nodep='_no'
am__quote=''
am__tar='tar --format=ustar -chf - "$$tardir"'
am__untar='tar -xf -'
bindir='${exec_prefix}/bin'
build='x86_64-apple-darwin15.4.0'
build_alias=''
build_cpu='x86_64'
build_os='darwin15.4.0'
build_vendor='apple'
datadir='${datarootdir}'
datarootdir='${prefix}/share'
docdir='${datarootdir}/doc/${PACKAGE_TARNAME}'
dvidir='${docdir}'
exec_prefix='${prefix}'
host='x86_64-apple-darwin15.4.0'
host_alias=''
host_cpu='x86_64'
host_os='darwin15.4.0'
host_vendor='apple'
htmldir='${docdir}'
includedir='${prefix}/include'
infodir='${datarootdir}/info'
install_sh='${SHELL} /Users/michaelfarrell/Desktop/GoogleDrive/CS262/Distributed-SGD/protobuf-3.0.0-beta-2/install-sh'
libdir='${exec_prefix}/lib'
libexecdir='${exec_prefix}/libexec'
localedir='${datarootdir}/locale'
localstatedir='${prefix}/var'
mandir='${datarootdir}/man'
mkdir_p='$(MKDIR_P)'
oldincludedir='/usr/include'
pdfdir='${docdir}'
prefix='/usr/local'
program_transform_name='s,x,x,'
psdir='${docdir}'
sbindir='${exec_prefix}/sbin'
sharedstatedir='${prefix}/com'
subdirs=' gmock'
sysconfdir='${prefix}/etc'
target='x86_64-apple-darwin15.4.0'
target_alias=''
target_cpu='x86_64'
target_os='darwin15.4.0'
target_vendor='apple'

## ----------- ##
## confdefs.h. ##
## ----------- ##

/* confdefs.h */
#define PACKAGE_NAME "Protocol Buffers"
#define PACKAGE_TARNAME "protobuf"
#define PACKAGE_VERSION "3.0.0-beta-2"
#define PACKAGE_STRING "Protocol Buffers 3.0.0-beta-2"
#define PACKAGE_BUGREPORT "protobuf@googlegroups.com"
#define PACKAGE_URL ""
#define PACKAGE "protobuf"
#define VERSION "3.0.0-beta-2"
#define STDC_HEADERS 1
#define HAVE_SYS_TYPES_H 1
#define HAVE_SYS_STAT_H 1
#define HAVE_STDLIB_H 1
#define HAVE_STRING_H 1
#define HAVE_MEMORY_H 1
#define HAVE_STRINGS_H 1
#define HAVE_INTTYPES_H 1
#define HAVE_STDINT_H 1
#define HAVE_UNISTD_H 1
#define __EXTENSIONS__ 1
#define _ALL_SOURCE 1
#define _GNU_SOURCE 1
#define _POSIX_PTHREAD_SEMANTICS 1
#define _TANDEM_SOURCE 1
#define HAVE_DLFCN_H 1
#define LT_OBJDIR ".libs/"
#define STDC_HEADERS 1
#define HAVE_FCNTL_H 1
#define HAVE_INTTYPES_H 1
#define HAVE_LIMITS_H 1
#define HAVE_STDLIB_H 1
#define HAVE_UNISTD_H 1
#define HAVE_FTRUNCATE 1
#define HAVE_MEMSET 1
#define HAVE_MKDIR 1
#define HAVE_STRCHR 1
#define HAVE_STRERROR 1
#define HAVE_STRTOL 1
#define HAVE_ZLIB 1
#define HAVE_PTHREAD 1
#define HAVE_HASH_MAP 1
#define HAVE_HASH_SET 1
#define HASH_MAP_H <tr1/unordered_map>
#define HASH_SET_H <tr1/unordered_set>
#define HASH_NAMESPACE std::tr1
#define HASH_MAP_CLASS unordered_map
#define HASH_SET_CLASS unordered_set

configure: exit 0
